<?xml version="1.0" encoding="UTF-8"?>
<testsuite xmlns:xsi="http://www.w3.org/2001/XMLSchema-instance" xsi:noNamespaceSchemaLocation="https://maven.apache.org/surefire/maven-surefire-plugin/xsd/surefire-test-report-3.0.xsd" version="3.0" name="com.ls.mao.joule.JouleApplicationTests" time="72.451" tests="1" errors="0" skipped="0" failures="0">
  <properties>
    <property name="java.specification.version" value="23"/>
    <property name="sun.jnu.encoding" value="UTF-8"/>
    <property name="java.class.path" value="/Users/linsen/GenAI/joule/target/test-classes:/Users/linsen/GenAI/joule/target/classes:/Users/linsen/.m2/repository/org/springframework/boot/spring-boot-starter-data-jpa/3.3.5/spring-boot-starter-data-jpa-3.3.5.jar:/Users/linsen/.m2/repository/org/springframework/boot/spring-boot-starter-aop/3.3.5/spring-boot-starter-aop-3.3.5.jar:/Users/linsen/.m2/repository/org/springframework/spring-aop/6.1.14/spring-aop-6.1.14.jar:/Users/linsen/.m2/repository/org/aspectj/aspectjweaver/1.9.22.1/aspectjweaver-1.9.22.1.jar:/Users/linsen/.m2/repository/org/springframework/boot/spring-boot-starter-jdbc/3.3.5/spring-boot-starter-jdbc-3.3.5.jar:/Users/linsen/.m2/repository/com/zaxxer/HikariCP/5.1.0/HikariCP-5.1.0.jar:/Users/linsen/.m2/repository/org/springframework/spring-jdbc/6.1.14/spring-jdbc-6.1.14.jar:/Users/linsen/.m2/repository/org/hibernate/orm/hibernate-core/6.5.3.Final/hibernate-core-6.5.3.Final.jar:/Users/linsen/.m2/repository/jakarta/persistence/jakarta.persistence-api/3.1.0/jakarta.persistence-api-3.1.0.jar:/Users/linsen/.m2/repository/jakarta/transaction/jakarta.transaction-api/2.0.1/jakarta.transaction-api-2.0.1.jar:/Users/linsen/.m2/repository/org/jboss/logging/jboss-logging/3.5.3.Final/jboss-logging-3.5.3.Final.jar:/Users/linsen/.m2/repository/org/hibernate/common/hibernate-commons-annotations/6.0.6.Final/hibernate-commons-annotations-6.0.6.Final.jar:/Users/linsen/.m2/repository/io/smallrye/jandex/3.1.2/jandex-3.1.2.jar:/Users/linsen/.m2/repository/com/fasterxml/classmate/1.7.0/classmate-1.7.0.jar:/Users/linsen/.m2/repository/net/bytebuddy/byte-buddy/1.14.19/byte-buddy-1.14.19.jar:/Users/linsen/.m2/repository/org/glassfish/jaxb/jaxb-runtime/4.0.5/jaxb-runtime-4.0.5.jar:/Users/linsen/.m2/repository/org/glassfish/jaxb/jaxb-core/4.0.5/jaxb-core-4.0.5.jar:/Users/linsen/.m2/repository/org/eclipse/angus/angus-activation/2.0.2/angus-activation-2.0.2.jar:/Users/linsen/.m2/repository/org/glassfish/jaxb/txw2/4.0.5/txw2-4.0.5.jar:/Users/linsen/.m2/repository/com/sun/istack/istack-commons-runtime/4.1.2/istack-commons-runtime-4.1.2.jar:/Users/linsen/.m2/repository/jakarta/inject/jakarta.inject-api/2.0.1/jakarta.inject-api-2.0.1.jar:/Users/linsen/.m2/repository/org/antlr/antlr4-runtime/4.13.0/antlr4-runtime-4.13.0.jar:/Users/linsen/.m2/repository/org/springframework/data/spring-data-jpa/3.3.5/spring-data-jpa-3.3.5.jar:/Users/linsen/.m2/repository/org/springframework/data/spring-data-commons/3.3.5/spring-data-commons-3.3.5.jar:/Users/linsen/.m2/repository/org/springframework/spring-orm/6.1.14/spring-orm-6.1.14.jar:/Users/linsen/.m2/repository/org/springframework/spring-context/6.1.14/spring-context-6.1.14.jar:/Users/linsen/.m2/repository/org/springframework/spring-tx/6.1.14/spring-tx-6.1.14.jar:/Users/linsen/.m2/repository/org/springframework/spring-beans/6.1.14/spring-beans-6.1.14.jar:/Users/linsen/.m2/repository/jakarta/annotation/jakarta.annotation-api/2.1.1/jakarta.annotation-api-2.1.1.jar:/Users/linsen/.m2/repository/org/slf4j/slf4j-api/2.0.16/slf4j-api-2.0.16.jar:/Users/linsen/.m2/repository/org/springframework/spring-aspects/6.1.14/spring-aspects-6.1.14.jar:/Users/linsen/.m2/repository/org/springframework/ai/spring-ai-pdf-document-reader/1.0.0-M3/spring-ai-pdf-document-reader-1.0.0-M3.jar:/Users/linsen/.m2/repository/org/springframework/ai/spring-ai-core/1.0.0-M3/spring-ai-core-1.0.0-M3.jar:/Users/linsen/.m2/repository/io/swagger/core/v3/swagger-annotations/2.2.20/swagger-annotations-2.2.20.jar:/Users/linsen/.m2/repository/com/github/victools/jsonschema-module-swagger-2/4.35.0/jsonschema-module-swagger-2-4.35.0.jar:/Users/linsen/.m2/repository/org/springframework/cloud/spring-cloud-function-context/4.1.3/spring-cloud-function-context-4.1.3.jar:/Users/linsen/.m2/repository/net/jodah/typetools/0.6.2/typetools-0.6.2.jar:/Users/linsen/.m2/repository/org/springframework/cloud/spring-cloud-function-core/4.1.3/spring-cloud-function-core-4.1.3.jar:/Users/linsen/.m2/repository/org/json/json/20240303/json-20240303.jar:/Users/linsen/.m2/repository/org/antlr/ST4/4.3.4/ST4-4.3.4.jar:/Users/linsen/.m2/repository/org/antlr/antlr-runtime/3.5.3/antlr-runtime-3.5.3.jar:/Users/linsen/.m2/repository/io/projectreactor/reactor-core/3.6.11/reactor-core-3.6.11.jar:/Users/linsen/.m2/repository/org/reactivestreams/reactive-streams/1.0.4/reactive-streams-1.0.4.jar:/Users/linsen/.m2/repository/org/springframework/spring-messaging/6.1.14/spring-messaging-6.1.14.jar:/Users/linsen/.m2/repository/io/micrometer/micrometer-core/1.13.6/micrometer-core-1.13.6.jar:/Users/linsen/.m2/repository/io/micrometer/micrometer-commons/1.13.6/micrometer-commons-1.13.6.jar:/Users/linsen/.m2/repository/org/hdrhistogram/HdrHistogram/2.2.2/HdrHistogram-2.2.2.jar:/Users/linsen/.m2/repository/org/latencyutils/LatencyUtils/2.0.3/LatencyUtils-2.0.3.jar:/Users/linsen/.m2/repository/com/knuddels/jtokkit/1.1.0/jtokkit-1.1.0.jar:/Users/linsen/.m2/repository/com/github/victools/jsonschema-generator/4.35.0/jsonschema-generator-4.35.0.jar:/Users/linsen/.m2/repository/com/github/victools/jsonschema-module-jackson/4.35.0/jsonschema-module-jackson-4.35.0.jar:/Users/linsen/.m2/repository/com/fasterxml/jackson/datatype/jackson-datatype-jsr310/2.17.2/jackson-datatype-jsr310-2.17.2.jar:/Users/linsen/.m2/repository/org/apache/pdfbox/pdfbox/3.0.1/pdfbox-3.0.1.jar:/Users/linsen/.m2/repository/org/apache/pdfbox/pdfbox-io/3.0.1/pdfbox-io-3.0.1.jar:/Users/linsen/.m2/repository/org/apache/pdfbox/fontbox/3.0.1/fontbox-3.0.1.jar:/Users/linsen/.m2/repository/org/springframework/boot/spring-boot-starter-data-redis/3.3.5/spring-boot-starter-data-redis-3.3.5.jar:/Users/linsen/.m2/repository/org/springframework/boot/spring-boot-starter/3.3.5/spring-boot-starter-3.3.5.jar:/Users/linsen/.m2/repository/org/springframework/boot/spring-boot-starter-logging/3.3.5/spring-boot-starter-logging-3.3.5.jar:/Users/linsen/.m2/repository/ch/qos/logback/logback-classic/1.5.11/logback-classic-1.5.11.jar:/Users/linsen/.m2/repository/ch/qos/logback/logback-core/1.5.11/logback-core-1.5.11.jar:/Users/linsen/.m2/repository/org/apache/logging/log4j/log4j-to-slf4j/2.23.1/log4j-to-slf4j-2.23.1.jar:/Users/linsen/.m2/repository/org/apache/logging/log4j/log4j-api/2.23.1/log4j-api-2.23.1.jar:/Users/linsen/.m2/repository/org/slf4j/jul-to-slf4j/2.0.16/jul-to-slf4j-2.0.16.jar:/Users/linsen/.m2/repository/org/yaml/snakeyaml/2.2/snakeyaml-2.2.jar:/Users/linsen/.m2/repository/io/lettuce/lettuce-core/6.3.2.RELEASE/lettuce-core-6.3.2.RELEASE.jar:/Users/linsen/.m2/repository/io/netty/netty-common/4.1.114.Final/netty-common-4.1.114.Final.jar:/Users/linsen/.m2/repository/io/netty/netty-handler/4.1.114.Final/netty-handler-4.1.114.Final.jar:/Users/linsen/.m2/repository/io/netty/netty-resolver/4.1.114.Final/netty-resolver-4.1.114.Final.jar:/Users/linsen/.m2/repository/io/netty/netty-buffer/4.1.114.Final/netty-buffer-4.1.114.Final.jar:/Users/linsen/.m2/repository/io/netty/netty-transport-native-unix-common/4.1.114.Final/netty-transport-native-unix-common-4.1.114.Final.jar:/Users/linsen/.m2/repository/io/netty/netty-codec/4.1.114.Final/netty-codec-4.1.114.Final.jar:/Users/linsen/.m2/repository/io/netty/netty-transport/4.1.114.Final/netty-transport-4.1.114.Final.jar:/Users/linsen/.m2/repository/org/springframework/data/spring-data-redis/3.3.5/spring-data-redis-3.3.5.jar:/Users/linsen/.m2/repository/org/springframework/data/spring-data-keyvalue/3.3.5/spring-data-keyvalue-3.3.5.jar:/Users/linsen/.m2/repository/org/springframework/spring-oxm/6.1.14/spring-oxm-6.1.14.jar:/Users/linsen/.m2/repository/org/springframework/spring-context-support/6.1.14/spring-context-support-6.1.14.jar:/Users/linsen/.m2/repository/org/springframework/boot/spring-boot-starter-web/3.3.5/spring-boot-starter-web-3.3.5.jar:/Users/linsen/.m2/repository/org/springframework/boot/spring-boot-starter-json/3.3.5/spring-boot-starter-json-3.3.5.jar:/Users/linsen/.m2/repository/com/fasterxml/jackson/datatype/jackson-datatype-jdk8/2.17.2/jackson-datatype-jdk8-2.17.2.jar:/Users/linsen/.m2/repository/org/springframework/boot/spring-boot-starter-tomcat/3.3.5/spring-boot-starter-tomcat-3.3.5.jar:/Users/linsen/.m2/repository/org/apache/tomcat/embed/tomcat-embed-core/10.1.31/tomcat-embed-core-10.1.31.jar:/Users/linsen/.m2/repository/org/apache/tomcat/embed/tomcat-embed-el/10.1.31/tomcat-embed-el-10.1.31.jar:/Users/linsen/.m2/repository/org/apache/tomcat/embed/tomcat-embed-websocket/10.1.31/tomcat-embed-websocket-10.1.31.jar:/Users/linsen/.m2/repository/org/springframework/spring-web/6.1.14/spring-web-6.1.14.jar:/Users/linsen/.m2/repository/io/micrometer/micrometer-observation/1.13.6/micrometer-observation-1.13.6.jar:/Users/linsen/.m2/repository/org/springframework/spring-webmvc/6.1.14/spring-webmvc-6.1.14.jar:/Users/linsen/.m2/repository/org/springframework/spring-expression/6.1.14/spring-expression-6.1.14.jar:/Users/linsen/.m2/repository/org/springframework/ai/spring-ai-openai-spring-boot-starter/1.0.0-M3/spring-ai-openai-spring-boot-starter-1.0.0-M3.jar:/Users/linsen/.m2/repository/org/springframework/ai/spring-ai-spring-boot-autoconfigure/1.0.0-M3/spring-ai-spring-boot-autoconfigure-1.0.0-M3.jar:/Users/linsen/.m2/repository/org/springframework/ai/spring-ai-openai/1.0.0-M3/spring-ai-openai-1.0.0-M3.jar:/Users/linsen/.m2/repository/org/springframework/ai/spring-ai-retry/1.0.0-M3/spring-ai-retry-1.0.0-M3.jar:/Users/linsen/.m2/repository/org/springframework/retry/spring-retry/2.0.10/spring-retry-2.0.10.jar:/Users/linsen/.m2/repository/org/springframework/spring-webflux/6.1.14/spring-webflux-6.1.14.jar:/Users/linsen/.m2/repository/io/rest-assured/json-path/5.4.0/json-path-5.4.0.jar:/Users/linsen/.m2/repository/org/apache/groovy/groovy-json/4.0.23/groovy-json-4.0.23.jar:/Users/linsen/.m2/repository/org/apache/groovy/groovy/4.0.23/groovy-4.0.23.jar:/Users/linsen/.m2/repository/io/rest-assured/rest-assured-common/5.4.0/rest-assured-common-5.4.0.jar:/Users/linsen/.m2/repository/org/apache/commons/commons-lang3/3.14.0/commons-lang3-3.14.0.jar:/Users/linsen/.m2/repository/org/springframework/ai/spring-ai-pgvector-store-spring-boot-starter/1.0.0-M3/spring-ai-pgvector-store-spring-boot-starter-1.0.0-M3.jar:/Users/linsen/.m2/repository/org/springframework/ai/spring-ai-pgvector-store/1.0.0-M3/spring-ai-pgvector-store-1.0.0-M3.jar:/Users/linsen/.m2/repository/org/postgresql/postgresql/42.7.4/postgresql-42.7.4.jar:/Users/linsen/.m2/repository/org/checkerframework/checker-qual/3.42.0/checker-qual-3.42.0.jar:/Users/linsen/.m2/repository/com/pgvector/pgvector/0.1.4/pgvector-0.1.4.jar:/Users/linsen/.m2/repository/org/springframework/boot/spring-boot-docker-compose/3.3.5/spring-boot-docker-compose-3.3.5.jar:/Users/linsen/.m2/repository/org/springframework/boot/spring-boot/3.3.5/spring-boot-3.3.5.jar:/Users/linsen/.m2/repository/com/fasterxml/jackson/core/jackson-databind/2.17.2/jackson-databind-2.17.2.jar:/Users/linsen/.m2/repository/com/fasterxml/jackson/core/jackson-annotations/2.17.2/jackson-annotations-2.17.2.jar:/Users/linsen/.m2/repository/com/fasterxml/jackson/core/jackson-core/2.17.2/jackson-core-2.17.2.jar:/Users/linsen/.m2/repository/com/fasterxml/jackson/module/jackson-module-parameter-names/2.17.2/jackson-module-parameter-names-2.17.2.jar:/Users/linsen/.m2/repository/org/springframework/ai/spring-ai-spring-boot-docker-compose/1.0.0-M3/spring-ai-spring-boot-docker-compose-1.0.0-M3.jar:/Users/linsen/.m2/repository/com/google/protobuf/protobuf-java/3.25.2/protobuf-java-3.25.2.jar:/Users/linsen/.m2/repository/org/springframework/boot/spring-boot-starter-test/3.3.5/spring-boot-starter-test-3.3.5.jar:/Users/linsen/.m2/repository/org/springframework/boot/spring-boot-test/3.3.5/spring-boot-test-3.3.5.jar:/Users/linsen/.m2/repository/org/springframework/boot/spring-boot-test-autoconfigure/3.3.5/spring-boot-test-autoconfigure-3.3.5.jar:/Users/linsen/.m2/repository/com/jayway/jsonpath/json-path/2.9.0/json-path-2.9.0.jar:/Users/linsen/.m2/repository/jakarta/xml/bind/jakarta.xml.bind-api/4.0.2/jakarta.xml.bind-api-4.0.2.jar:/Users/linsen/.m2/repository/jakarta/activation/jakarta.activation-api/2.1.3/jakarta.activation-api-2.1.3.jar:/Users/linsen/.m2/repository/net/minidev/json-smart/2.5.1/json-smart-2.5.1.jar:/Users/linsen/.m2/repository/net/minidev/accessors-smart/2.5.1/accessors-smart-2.5.1.jar:/Users/linsen/.m2/repository/org/ow2/asm/asm/9.6/asm-9.6.jar:/Users/linsen/.m2/repository/org/assertj/assertj-core/3.25.3/assertj-core-3.25.3.jar:/Users/linsen/.m2/repository/org/awaitility/awaitility/4.2.2/awaitility-4.2.2.jar:/Users/linsen/.m2/repository/org/hamcrest/hamcrest/2.2/hamcrest-2.2.jar:/Users/linsen/.m2/repository/org/junit/jupiter/junit-jupiter/5.10.5/junit-jupiter-5.10.5.jar:/Users/linsen/.m2/repository/org/junit/jupiter/junit-jupiter-api/5.10.5/junit-jupiter-api-5.10.5.jar:/Users/linsen/.m2/repository/org/opentest4j/opentest4j/1.3.0/opentest4j-1.3.0.jar:/Users/linsen/.m2/repository/org/junit/platform/junit-platform-commons/1.10.5/junit-platform-commons-1.10.5.jar:/Users/linsen/.m2/repository/org/apiguardian/apiguardian-api/1.1.2/apiguardian-api-1.1.2.jar:/Users/linsen/.m2/repository/org/junit/jupiter/junit-jupiter-params/5.10.5/junit-jupiter-params-5.10.5.jar:/Users/linsen/.m2/repository/org/junit/jupiter/junit-jupiter-engine/5.10.5/junit-jupiter-engine-5.10.5.jar:/Users/linsen/.m2/repository/org/junit/platform/junit-platform-engine/1.10.5/junit-platform-engine-1.10.5.jar:/Users/linsen/.m2/repository/org/mockito/mockito-core/5.11.0/mockito-core-5.11.0.jar:/Users/linsen/.m2/repository/net/bytebuddy/byte-buddy-agent/1.14.19/byte-buddy-agent-1.14.19.jar:/Users/linsen/.m2/repository/org/objenesis/objenesis/3.3/objenesis-3.3.jar:/Users/linsen/.m2/repository/org/mockito/mockito-junit-jupiter/5.11.0/mockito-junit-jupiter-5.11.0.jar:/Users/linsen/.m2/repository/org/skyscreamer/jsonassert/1.5.3/jsonassert-1.5.3.jar:/Users/linsen/.m2/repository/com/vaadin/external/google/android-json/0.0.20131108.vaadin1/android-json-0.0.20131108.vaadin1.jar:/Users/linsen/.m2/repository/org/springframework/spring-core/6.1.14/spring-core-6.1.14.jar:/Users/linsen/.m2/repository/org/springframework/spring-jcl/6.1.14/spring-jcl-6.1.14.jar:/Users/linsen/.m2/repository/org/springframework/spring-test/6.1.14/spring-test-6.1.14.jar:/Users/linsen/.m2/repository/org/xmlunit/xmlunit-core/2.9.1/xmlunit-core-2.9.1.jar:/Users/linsen/.m2/repository/org/springframework/boot/spring-boot-testcontainers/3.3.5/spring-boot-testcontainers-3.3.5.jar:/Users/linsen/.m2/repository/org/springframework/boot/spring-boot-autoconfigure/3.3.5/spring-boot-autoconfigure-3.3.5.jar:/Users/linsen/.m2/repository/org/testcontainers/testcontainers/1.19.8/testcontainers-1.19.8.jar:/Users/linsen/.m2/repository/junit/junit/4.13.2/junit-4.13.2.jar:/Users/linsen/.m2/repository/org/hamcrest/hamcrest-core/2.2/hamcrest-core-2.2.jar:/Users/linsen/.m2/repository/org/apache/commons/commons-compress/1.24.0/commons-compress-1.24.0.jar:/Users/linsen/.m2/repository/org/rnorth/duct-tape/duct-tape/1.0.8/duct-tape-1.0.8.jar:/Users/linsen/.m2/repository/org/jetbrains/annotations/17.0.0/annotations-17.0.0.jar:/Users/linsen/.m2/repository/com/github/docker-java/docker-java-api/3.3.6/docker-java-api-3.3.6.jar:/Users/linsen/.m2/repository/com/github/docker-java/docker-java-transport-zerodep/3.3.6/docker-java-transport-zerodep-3.3.6.jar:/Users/linsen/.m2/repository/com/github/docker-java/docker-java-transport/3.3.6/docker-java-transport-3.3.6.jar:/Users/linsen/.m2/repository/net/java/dev/jna/jna/5.13.0/jna-5.13.0.jar:/Users/linsen/.m2/repository/org/springframework/ai/spring-ai-spring-boot-testcontainers/1.0.0-M3/spring-ai-spring-boot-testcontainers-1.0.0-M3.jar:/Users/linsen/.m2/repository/org/testcontainers/junit-jupiter/1.19.8/junit-jupiter-1.19.8.jar:/Users/linsen/.m2/repository/org/testcontainers/postgresql/1.19.8/postgresql-1.19.8.jar:/Users/linsen/.m2/repository/org/testcontainers/jdbc/1.19.8/jdbc-1.19.8.jar:/Users/linsen/.m2/repository/org/testcontainers/database-commons/1.19.8/database-commons-1.19.8.jar:"/>
    <property name="java.vm.vendor" value="Homebrew"/>
    <property name="sun.arch.data.model" value="64"/>
    <property name="java.vendor.url" value="https://github.com/Homebrew/homebrew-core/issues"/>
    <property name="user.timezone" value="Asia/Shanghai"/>
    <property name="org.jboss.logging.provider" value="slf4j"/>
    <property name="os.name" value="Mac OS X"/>
    <property name="java.vm.specification.version" value="23"/>
    <property name="sun.java.launcher" value="SUN_STANDARD"/>
    <property name="user.country" value="DE"/>
    <property name="sun.boot.library.path" value="/opt/homebrew/Cellar/openjdk/23/libexec/openjdk.jdk/Contents/Home/lib"/>
    <property name="sun.java.command" value="/Users/linsen/GenAI/joule/target/surefire/surefirebooter-20241031212846362_3.jar /Users/linsen/GenAI/joule/target/surefire 2024-10-31T21-28-46_318-jvmRun1 surefire-20241031212846362_1tmp surefire_0-20241031212846362_2tmp"/>
    <property name="jdk.debug" value="release"/>
    <property name="surefire.test.class.path" value="/Users/linsen/GenAI/joule/target/test-classes:/Users/linsen/GenAI/joule/target/classes:/Users/linsen/.m2/repository/org/springframework/boot/spring-boot-starter-data-jpa/3.3.5/spring-boot-starter-data-jpa-3.3.5.jar:/Users/linsen/.m2/repository/org/springframework/boot/spring-boot-starter-aop/3.3.5/spring-boot-starter-aop-3.3.5.jar:/Users/linsen/.m2/repository/org/springframework/spring-aop/6.1.14/spring-aop-6.1.14.jar:/Users/linsen/.m2/repository/org/aspectj/aspectjweaver/1.9.22.1/aspectjweaver-1.9.22.1.jar:/Users/linsen/.m2/repository/org/springframework/boot/spring-boot-starter-jdbc/3.3.5/spring-boot-starter-jdbc-3.3.5.jar:/Users/linsen/.m2/repository/com/zaxxer/HikariCP/5.1.0/HikariCP-5.1.0.jar:/Users/linsen/.m2/repository/org/springframework/spring-jdbc/6.1.14/spring-jdbc-6.1.14.jar:/Users/linsen/.m2/repository/org/hibernate/orm/hibernate-core/6.5.3.Final/hibernate-core-6.5.3.Final.jar:/Users/linsen/.m2/repository/jakarta/persistence/jakarta.persistence-api/3.1.0/jakarta.persistence-api-3.1.0.jar:/Users/linsen/.m2/repository/jakarta/transaction/jakarta.transaction-api/2.0.1/jakarta.transaction-api-2.0.1.jar:/Users/linsen/.m2/repository/org/jboss/logging/jboss-logging/3.5.3.Final/jboss-logging-3.5.3.Final.jar:/Users/linsen/.m2/repository/org/hibernate/common/hibernate-commons-annotations/6.0.6.Final/hibernate-commons-annotations-6.0.6.Final.jar:/Users/linsen/.m2/repository/io/smallrye/jandex/3.1.2/jandex-3.1.2.jar:/Users/linsen/.m2/repository/com/fasterxml/classmate/1.7.0/classmate-1.7.0.jar:/Users/linsen/.m2/repository/net/bytebuddy/byte-buddy/1.14.19/byte-buddy-1.14.19.jar:/Users/linsen/.m2/repository/org/glassfish/jaxb/jaxb-runtime/4.0.5/jaxb-runtime-4.0.5.jar:/Users/linsen/.m2/repository/org/glassfish/jaxb/jaxb-core/4.0.5/jaxb-core-4.0.5.jar:/Users/linsen/.m2/repository/org/eclipse/angus/angus-activation/2.0.2/angus-activation-2.0.2.jar:/Users/linsen/.m2/repository/org/glassfish/jaxb/txw2/4.0.5/txw2-4.0.5.jar:/Users/linsen/.m2/repository/com/sun/istack/istack-commons-runtime/4.1.2/istack-commons-runtime-4.1.2.jar:/Users/linsen/.m2/repository/jakarta/inject/jakarta.inject-api/2.0.1/jakarta.inject-api-2.0.1.jar:/Users/linsen/.m2/repository/org/antlr/antlr4-runtime/4.13.0/antlr4-runtime-4.13.0.jar:/Users/linsen/.m2/repository/org/springframework/data/spring-data-jpa/3.3.5/spring-data-jpa-3.3.5.jar:/Users/linsen/.m2/repository/org/springframework/data/spring-data-commons/3.3.5/spring-data-commons-3.3.5.jar:/Users/linsen/.m2/repository/org/springframework/spring-orm/6.1.14/spring-orm-6.1.14.jar:/Users/linsen/.m2/repository/org/springframework/spring-context/6.1.14/spring-context-6.1.14.jar:/Users/linsen/.m2/repository/org/springframework/spring-tx/6.1.14/spring-tx-6.1.14.jar:/Users/linsen/.m2/repository/org/springframework/spring-beans/6.1.14/spring-beans-6.1.14.jar:/Users/linsen/.m2/repository/jakarta/annotation/jakarta.annotation-api/2.1.1/jakarta.annotation-api-2.1.1.jar:/Users/linsen/.m2/repository/org/slf4j/slf4j-api/2.0.16/slf4j-api-2.0.16.jar:/Users/linsen/.m2/repository/org/springframework/spring-aspects/6.1.14/spring-aspects-6.1.14.jar:/Users/linsen/.m2/repository/org/springframework/ai/spring-ai-pdf-document-reader/1.0.0-M3/spring-ai-pdf-document-reader-1.0.0-M3.jar:/Users/linsen/.m2/repository/org/springframework/ai/spring-ai-core/1.0.0-M3/spring-ai-core-1.0.0-M3.jar:/Users/linsen/.m2/repository/io/swagger/core/v3/swagger-annotations/2.2.20/swagger-annotations-2.2.20.jar:/Users/linsen/.m2/repository/com/github/victools/jsonschema-module-swagger-2/4.35.0/jsonschema-module-swagger-2-4.35.0.jar:/Users/linsen/.m2/repository/org/springframework/cloud/spring-cloud-function-context/4.1.3/spring-cloud-function-context-4.1.3.jar:/Users/linsen/.m2/repository/net/jodah/typetools/0.6.2/typetools-0.6.2.jar:/Users/linsen/.m2/repository/org/springframework/cloud/spring-cloud-function-core/4.1.3/spring-cloud-function-core-4.1.3.jar:/Users/linsen/.m2/repository/org/json/json/20240303/json-20240303.jar:/Users/linsen/.m2/repository/org/antlr/ST4/4.3.4/ST4-4.3.4.jar:/Users/linsen/.m2/repository/org/antlr/antlr-runtime/3.5.3/antlr-runtime-3.5.3.jar:/Users/linsen/.m2/repository/io/projectreactor/reactor-core/3.6.11/reactor-core-3.6.11.jar:/Users/linsen/.m2/repository/org/reactivestreams/reactive-streams/1.0.4/reactive-streams-1.0.4.jar:/Users/linsen/.m2/repository/org/springframework/spring-messaging/6.1.14/spring-messaging-6.1.14.jar:/Users/linsen/.m2/repository/io/micrometer/micrometer-core/1.13.6/micrometer-core-1.13.6.jar:/Users/linsen/.m2/repository/io/micrometer/micrometer-commons/1.13.6/micrometer-commons-1.13.6.jar:/Users/linsen/.m2/repository/org/hdrhistogram/HdrHistogram/2.2.2/HdrHistogram-2.2.2.jar:/Users/linsen/.m2/repository/org/latencyutils/LatencyUtils/2.0.3/LatencyUtils-2.0.3.jar:/Users/linsen/.m2/repository/com/knuddels/jtokkit/1.1.0/jtokkit-1.1.0.jar:/Users/linsen/.m2/repository/com/github/victools/jsonschema-generator/4.35.0/jsonschema-generator-4.35.0.jar:/Users/linsen/.m2/repository/com/github/victools/jsonschema-module-jackson/4.35.0/jsonschema-module-jackson-4.35.0.jar:/Users/linsen/.m2/repository/com/fasterxml/jackson/datatype/jackson-datatype-jsr310/2.17.2/jackson-datatype-jsr310-2.17.2.jar:/Users/linsen/.m2/repository/org/apache/pdfbox/pdfbox/3.0.1/pdfbox-3.0.1.jar:/Users/linsen/.m2/repository/org/apache/pdfbox/pdfbox-io/3.0.1/pdfbox-io-3.0.1.jar:/Users/linsen/.m2/repository/org/apache/pdfbox/fontbox/3.0.1/fontbox-3.0.1.jar:/Users/linsen/.m2/repository/org/springframework/boot/spring-boot-starter-data-redis/3.3.5/spring-boot-starter-data-redis-3.3.5.jar:/Users/linsen/.m2/repository/org/springframework/boot/spring-boot-starter/3.3.5/spring-boot-starter-3.3.5.jar:/Users/linsen/.m2/repository/org/springframework/boot/spring-boot-starter-logging/3.3.5/spring-boot-starter-logging-3.3.5.jar:/Users/linsen/.m2/repository/ch/qos/logback/logback-classic/1.5.11/logback-classic-1.5.11.jar:/Users/linsen/.m2/repository/ch/qos/logback/logback-core/1.5.11/logback-core-1.5.11.jar:/Users/linsen/.m2/repository/org/apache/logging/log4j/log4j-to-slf4j/2.23.1/log4j-to-slf4j-2.23.1.jar:/Users/linsen/.m2/repository/org/apache/logging/log4j/log4j-api/2.23.1/log4j-api-2.23.1.jar:/Users/linsen/.m2/repository/org/slf4j/jul-to-slf4j/2.0.16/jul-to-slf4j-2.0.16.jar:/Users/linsen/.m2/repository/org/yaml/snakeyaml/2.2/snakeyaml-2.2.jar:/Users/linsen/.m2/repository/io/lettuce/lettuce-core/6.3.2.RELEASE/lettuce-core-6.3.2.RELEASE.jar:/Users/linsen/.m2/repository/io/netty/netty-common/4.1.114.Final/netty-common-4.1.114.Final.jar:/Users/linsen/.m2/repository/io/netty/netty-handler/4.1.114.Final/netty-handler-4.1.114.Final.jar:/Users/linsen/.m2/repository/io/netty/netty-resolver/4.1.114.Final/netty-resolver-4.1.114.Final.jar:/Users/linsen/.m2/repository/io/netty/netty-buffer/4.1.114.Final/netty-buffer-4.1.114.Final.jar:/Users/linsen/.m2/repository/io/netty/netty-transport-native-unix-common/4.1.114.Final/netty-transport-native-unix-common-4.1.114.Final.jar:/Users/linsen/.m2/repository/io/netty/netty-codec/4.1.114.Final/netty-codec-4.1.114.Final.jar:/Users/linsen/.m2/repository/io/netty/netty-transport/4.1.114.Final/netty-transport-4.1.114.Final.jar:/Users/linsen/.m2/repository/org/springframework/data/spring-data-redis/3.3.5/spring-data-redis-3.3.5.jar:/Users/linsen/.m2/repository/org/springframework/data/spring-data-keyvalue/3.3.5/spring-data-keyvalue-3.3.5.jar:/Users/linsen/.m2/repository/org/springframework/spring-oxm/6.1.14/spring-oxm-6.1.14.jar:/Users/linsen/.m2/repository/org/springframework/spring-context-support/6.1.14/spring-context-support-6.1.14.jar:/Users/linsen/.m2/repository/org/springframework/boot/spring-boot-starter-web/3.3.5/spring-boot-starter-web-3.3.5.jar:/Users/linsen/.m2/repository/org/springframework/boot/spring-boot-starter-json/3.3.5/spring-boot-starter-json-3.3.5.jar:/Users/linsen/.m2/repository/com/fasterxml/jackson/datatype/jackson-datatype-jdk8/2.17.2/jackson-datatype-jdk8-2.17.2.jar:/Users/linsen/.m2/repository/org/springframework/boot/spring-boot-starter-tomcat/3.3.5/spring-boot-starter-tomcat-3.3.5.jar:/Users/linsen/.m2/repository/org/apache/tomcat/embed/tomcat-embed-core/10.1.31/tomcat-embed-core-10.1.31.jar:/Users/linsen/.m2/repository/org/apache/tomcat/embed/tomcat-embed-el/10.1.31/tomcat-embed-el-10.1.31.jar:/Users/linsen/.m2/repository/org/apache/tomcat/embed/tomcat-embed-websocket/10.1.31/tomcat-embed-websocket-10.1.31.jar:/Users/linsen/.m2/repository/org/springframework/spring-web/6.1.14/spring-web-6.1.14.jar:/Users/linsen/.m2/repository/io/micrometer/micrometer-observation/1.13.6/micrometer-observation-1.13.6.jar:/Users/linsen/.m2/repository/org/springframework/spring-webmvc/6.1.14/spring-webmvc-6.1.14.jar:/Users/linsen/.m2/repository/org/springframework/spring-expression/6.1.14/spring-expression-6.1.14.jar:/Users/linsen/.m2/repository/org/springframework/ai/spring-ai-openai-spring-boot-starter/1.0.0-M3/spring-ai-openai-spring-boot-starter-1.0.0-M3.jar:/Users/linsen/.m2/repository/org/springframework/ai/spring-ai-spring-boot-autoconfigure/1.0.0-M3/spring-ai-spring-boot-autoconfigure-1.0.0-M3.jar:/Users/linsen/.m2/repository/org/springframework/ai/spring-ai-openai/1.0.0-M3/spring-ai-openai-1.0.0-M3.jar:/Users/linsen/.m2/repository/org/springframework/ai/spring-ai-retry/1.0.0-M3/spring-ai-retry-1.0.0-M3.jar:/Users/linsen/.m2/repository/org/springframework/retry/spring-retry/2.0.10/spring-retry-2.0.10.jar:/Users/linsen/.m2/repository/org/springframework/spring-webflux/6.1.14/spring-webflux-6.1.14.jar:/Users/linsen/.m2/repository/io/rest-assured/json-path/5.4.0/json-path-5.4.0.jar:/Users/linsen/.m2/repository/org/apache/groovy/groovy-json/4.0.23/groovy-json-4.0.23.jar:/Users/linsen/.m2/repository/org/apache/groovy/groovy/4.0.23/groovy-4.0.23.jar:/Users/linsen/.m2/repository/io/rest-assured/rest-assured-common/5.4.0/rest-assured-common-5.4.0.jar:/Users/linsen/.m2/repository/org/apache/commons/commons-lang3/3.14.0/commons-lang3-3.14.0.jar:/Users/linsen/.m2/repository/org/springframework/ai/spring-ai-pgvector-store-spring-boot-starter/1.0.0-M3/spring-ai-pgvector-store-spring-boot-starter-1.0.0-M3.jar:/Users/linsen/.m2/repository/org/springframework/ai/spring-ai-pgvector-store/1.0.0-M3/spring-ai-pgvector-store-1.0.0-M3.jar:/Users/linsen/.m2/repository/org/postgresql/postgresql/42.7.4/postgresql-42.7.4.jar:/Users/linsen/.m2/repository/org/checkerframework/checker-qual/3.42.0/checker-qual-3.42.0.jar:/Users/linsen/.m2/repository/com/pgvector/pgvector/0.1.4/pgvector-0.1.4.jar:/Users/linsen/.m2/repository/org/springframework/boot/spring-boot-docker-compose/3.3.5/spring-boot-docker-compose-3.3.5.jar:/Users/linsen/.m2/repository/org/springframework/boot/spring-boot/3.3.5/spring-boot-3.3.5.jar:/Users/linsen/.m2/repository/com/fasterxml/jackson/core/jackson-databind/2.17.2/jackson-databind-2.17.2.jar:/Users/linsen/.m2/repository/com/fasterxml/jackson/core/jackson-annotations/2.17.2/jackson-annotations-2.17.2.jar:/Users/linsen/.m2/repository/com/fasterxml/jackson/core/jackson-core/2.17.2/jackson-core-2.17.2.jar:/Users/linsen/.m2/repository/com/fasterxml/jackson/module/jackson-module-parameter-names/2.17.2/jackson-module-parameter-names-2.17.2.jar:/Users/linsen/.m2/repository/org/springframework/ai/spring-ai-spring-boot-docker-compose/1.0.0-M3/spring-ai-spring-boot-docker-compose-1.0.0-M3.jar:/Users/linsen/.m2/repository/com/google/protobuf/protobuf-java/3.25.2/protobuf-java-3.25.2.jar:/Users/linsen/.m2/repository/org/springframework/boot/spring-boot-starter-test/3.3.5/spring-boot-starter-test-3.3.5.jar:/Users/linsen/.m2/repository/org/springframework/boot/spring-boot-test/3.3.5/spring-boot-test-3.3.5.jar:/Users/linsen/.m2/repository/org/springframework/boot/spring-boot-test-autoconfigure/3.3.5/spring-boot-test-autoconfigure-3.3.5.jar:/Users/linsen/.m2/repository/com/jayway/jsonpath/json-path/2.9.0/json-path-2.9.0.jar:/Users/linsen/.m2/repository/jakarta/xml/bind/jakarta.xml.bind-api/4.0.2/jakarta.xml.bind-api-4.0.2.jar:/Users/linsen/.m2/repository/jakarta/activation/jakarta.activation-api/2.1.3/jakarta.activation-api-2.1.3.jar:/Users/linsen/.m2/repository/net/minidev/json-smart/2.5.1/json-smart-2.5.1.jar:/Users/linsen/.m2/repository/net/minidev/accessors-smart/2.5.1/accessors-smart-2.5.1.jar:/Users/linsen/.m2/repository/org/ow2/asm/asm/9.6/asm-9.6.jar:/Users/linsen/.m2/repository/org/assertj/assertj-core/3.25.3/assertj-core-3.25.3.jar:/Users/linsen/.m2/repository/org/awaitility/awaitility/4.2.2/awaitility-4.2.2.jar:/Users/linsen/.m2/repository/org/hamcrest/hamcrest/2.2/hamcrest-2.2.jar:/Users/linsen/.m2/repository/org/junit/jupiter/junit-jupiter/5.10.5/junit-jupiter-5.10.5.jar:/Users/linsen/.m2/repository/org/junit/jupiter/junit-jupiter-api/5.10.5/junit-jupiter-api-5.10.5.jar:/Users/linsen/.m2/repository/org/opentest4j/opentest4j/1.3.0/opentest4j-1.3.0.jar:/Users/linsen/.m2/repository/org/junit/platform/junit-platform-commons/1.10.5/junit-platform-commons-1.10.5.jar:/Users/linsen/.m2/repository/org/apiguardian/apiguardian-api/1.1.2/apiguardian-api-1.1.2.jar:/Users/linsen/.m2/repository/org/junit/jupiter/junit-jupiter-params/5.10.5/junit-jupiter-params-5.10.5.jar:/Users/linsen/.m2/repository/org/junit/jupiter/junit-jupiter-engine/5.10.5/junit-jupiter-engine-5.10.5.jar:/Users/linsen/.m2/repository/org/junit/platform/junit-platform-engine/1.10.5/junit-platform-engine-1.10.5.jar:/Users/linsen/.m2/repository/org/mockito/mockito-core/5.11.0/mockito-core-5.11.0.jar:/Users/linsen/.m2/repository/net/bytebuddy/byte-buddy-agent/1.14.19/byte-buddy-agent-1.14.19.jar:/Users/linsen/.m2/repository/org/objenesis/objenesis/3.3/objenesis-3.3.jar:/Users/linsen/.m2/repository/org/mockito/mockito-junit-jupiter/5.11.0/mockito-junit-jupiter-5.11.0.jar:/Users/linsen/.m2/repository/org/skyscreamer/jsonassert/1.5.3/jsonassert-1.5.3.jar:/Users/linsen/.m2/repository/com/vaadin/external/google/android-json/0.0.20131108.vaadin1/android-json-0.0.20131108.vaadin1.jar:/Users/linsen/.m2/repository/org/springframework/spring-core/6.1.14/spring-core-6.1.14.jar:/Users/linsen/.m2/repository/org/springframework/spring-jcl/6.1.14/spring-jcl-6.1.14.jar:/Users/linsen/.m2/repository/org/springframework/spring-test/6.1.14/spring-test-6.1.14.jar:/Users/linsen/.m2/repository/org/xmlunit/xmlunit-core/2.9.1/xmlunit-core-2.9.1.jar:/Users/linsen/.m2/repository/org/springframework/boot/spring-boot-testcontainers/3.3.5/spring-boot-testcontainers-3.3.5.jar:/Users/linsen/.m2/repository/org/springframework/boot/spring-boot-autoconfigure/3.3.5/spring-boot-autoconfigure-3.3.5.jar:/Users/linsen/.m2/repository/org/testcontainers/testcontainers/1.19.8/testcontainers-1.19.8.jar:/Users/linsen/.m2/repository/junit/junit/4.13.2/junit-4.13.2.jar:/Users/linsen/.m2/repository/org/hamcrest/hamcrest-core/2.2/hamcrest-core-2.2.jar:/Users/linsen/.m2/repository/org/apache/commons/commons-compress/1.24.0/commons-compress-1.24.0.jar:/Users/linsen/.m2/repository/org/rnorth/duct-tape/duct-tape/1.0.8/duct-tape-1.0.8.jar:/Users/linsen/.m2/repository/org/jetbrains/annotations/17.0.0/annotations-17.0.0.jar:/Users/linsen/.m2/repository/com/github/docker-java/docker-java-api/3.3.6/docker-java-api-3.3.6.jar:/Users/linsen/.m2/repository/com/github/docker-java/docker-java-transport-zerodep/3.3.6/docker-java-transport-zerodep-3.3.6.jar:/Users/linsen/.m2/repository/com/github/docker-java/docker-java-transport/3.3.6/docker-java-transport-3.3.6.jar:/Users/linsen/.m2/repository/net/java/dev/jna/jna/5.13.0/jna-5.13.0.jar:/Users/linsen/.m2/repository/org/springframework/ai/spring-ai-spring-boot-testcontainers/1.0.0-M3/spring-ai-spring-boot-testcontainers-1.0.0-M3.jar:/Users/linsen/.m2/repository/org/testcontainers/junit-jupiter/1.19.8/junit-jupiter-1.19.8.jar:/Users/linsen/.m2/repository/org/testcontainers/postgresql/1.19.8/postgresql-1.19.8.jar:/Users/linsen/.m2/repository/org/testcontainers/jdbc/1.19.8/jdbc-1.19.8.jar:/Users/linsen/.m2/repository/org/testcontainers/database-commons/1.19.8/database-commons-1.19.8.jar:"/>
    <property name="sun.cpu.endian" value="little"/>
    <property name="user.home" value="/Users/linsen"/>
    <property name="user.language" value="en"/>
    <property name="java.specification.vendor" value="Oracle Corporation"/>
    <property name="java.version.date" value="2024-09-17"/>
    <property name="java.home" value="/opt/homebrew/Cellar/openjdk/23/libexec/openjdk.jdk/Contents/Home"/>
    <property name="file.separator" value="/"/>
    <property name="basedir" value="/Users/linsen/GenAI/joule"/>
    <property name="java.vm.compressedOopsMode" value="Zero based"/>
    <property name="line.separator" value="&#10;"/>
    <property name="java.vm.specification.vendor" value="Oracle Corporation"/>
    <property name="java.specification.name" value="Java Platform API Specification"/>
    <property name="FILE_LOG_CHARSET" value="UTF-8"/>
    <property name="java.awt.headless" value="true"/>
    <property name="apple.awt.application.name" value="ForkedBooter"/>
    <property name="surefire.real.class.path" value="/Users/linsen/GenAI/joule/target/surefire/surefirebooter-20241031212846362_3.jar"/>
    <property name="sun.management.compiler" value="HotSpot 64-Bit Tiered Compilers"/>
    <property name="java.runtime.version" value="23"/>
    <property name="user.name" value="linsen"/>
    <property name="stdout.encoding" value="US-ASCII"/>
    <property name="path.separator" value=":"/>
    <property name="os.version" value="15.0.1"/>
    <property name="java.runtime.name" value="OpenJDK Runtime Environment"/>
    <property name="file.encoding" value="UTF-8"/>
    <property name="java.vm.name" value="OpenJDK 64-Bit Server VM"/>
    <property name="java.vendor.version" value="Homebrew"/>
    <property name="localRepository" value="/Users/linsen/.m2/repository"/>
    <property name="java.vendor.url.bug" value="https://github.com/Homebrew/homebrew-core/issues"/>
    <property name="java.io.tmpdir" value="/var/folders/23/n1fp9g4j5dqbzsrn50qpqyz40000gp/T/"/>
    <property name="idea.version" value="2024.2.4"/>
    <property name="com.zaxxer.hikari.pool_number" value="1"/>
    <property name="java.version" value="23"/>
    <property name="user.dir" value="/Users/linsen/GenAI/joule"/>
    <property name="os.arch" value="aarch64"/>
    <property name="java.vm.specification.name" value="Java Virtual Machine Specification"/>
    <property name="PID" value="2211"/>
    <property name="CONSOLE_LOG_CHARSET" value="UTF-8"/>
    <property name="native.encoding" value="US-ASCII"/>
    <property name="java.library.path" value="/Users/linsen/Library/Java/Extensions:/Library/Java/Extensions:/Network/Library/Java/Extensions:/System/Library/Java/Extensions:/usr/lib/java:."/>
    <property name="java.vm.info" value="mixed mode, sharing"/>
    <property name="stderr.encoding" value="US-ASCII"/>
    <property name="java.vendor" value="Homebrew"/>
    <property name="java.vm.version" value="23"/>
    <property name="sun.io.unicode.encoding" value="UnicodeBig"/>
    <property name="java.class.version" value="67.0"/>
    <property name="LOGGED_APPLICATION_NAME" value="[joule] "/>
  </properties>
  <testcase name="contextLoads" classname="com.ls.mao.joule.JouleApplicationTests" time="0.305">
    <system-out><![CDATA[21:28:46.831 [main] INFO org.springframework.test.context.support.AnnotationConfigContextLoaderUtils -- Could not detect default configuration classes for test class [com.ls.mao.joule.JouleApplicationTests]: JouleApplicationTests does not declare any static, non-private, non-final, nested classes annotated with @Configuration.
21:28:46.913 [main] INFO org.springframework.boot.test.context.SpringBootTestContextBootstrapper -- Found @SpringBootConfiguration com.ls.mao.joule.JouleApplication for test class com.ls.mao.joule.JouleApplicationTests

  .   ____          _            __ _ _
 /\\ / ___'_ __ _ _(_)_ __  __ _ \ \ \ \
( ( )\___ | '_ | '_| | '_ \/ _` | \ \ \ \
 \\/  ___)| |_)| | | | | || (_| |  ) ) ) )
  '  |____| .__|_| |_|_| |_\__, | / / / /
 =========|_|==============|___/=/_/_/_/

 :: Spring Boot ::                (v3.3.5)

2024-10-31T21:28:47.088+08:00  WARN 2211 --- [joule] [           main] ory$DuplicateJsonObjectContextCustomizer : 

Found multiple occurrences of org.json.JSONObject on the class path:

	jar:file:/Users/linsen/.m2/repository/org/json/json/20240303/json-20240303.jar!/org/json/JSONObject.class
	jar:file:/Users/linsen/.m2/repository/com/vaadin/external/google/android-json/0.0.20131108.vaadin1/android-json-0.0.20131108.vaadin1.jar!/org/json/JSONObject.class

You may wish to exclude one of them to ensure predictable runtime behavior

2024-10-31T21:28:47.098+08:00  INFO 2211 --- [joule] [           main] com.ls.mao.joule.JouleApplicationTests   : Starting JouleApplicationTests using Java 23 with PID 2211 (started by linsen in /Users/linsen/GenAI/joule)
2024-10-31T21:28:47.098+08:00  INFO 2211 --- [joule] [           main] com.ls.mao.joule.JouleApplicationTests   : No active profile set, falling back to 1 default profile: "default"
2024-10-31T21:28:47.581+08:00  INFO 2211 --- [joule] [           main] .s.d.r.c.RepositoryConfigurationDelegate : Multiple Spring Data modules found, entering strict repository configuration mode
2024-10-31T21:28:47.582+08:00  INFO 2211 --- [joule] [           main] .s.d.r.c.RepositoryConfigurationDelegate : Bootstrapping Spring Data JPA repositories in DEFAULT mode.
2024-10-31T21:28:47.648+08:00  INFO 2211 --- [joule] [           main] .s.d.r.c.RepositoryConfigurationDelegate : Finished Spring Data repository scanning in 63 ms. Found 1 JPA repository interface.
2024-10-31T21:28:47.678+08:00  INFO 2211 --- [joule] [           main] .s.d.r.c.RepositoryConfigurationDelegate : Multiple Spring Data modules found, entering strict repository configuration mode
2024-10-31T21:28:47.679+08:00  INFO 2211 --- [joule] [           main] .s.d.r.c.RepositoryConfigurationDelegate : Bootstrapping Spring Data Redis repositories in DEFAULT mode.
2024-10-31T21:28:47.687+08:00  INFO 2211 --- [joule] [           main] .RepositoryConfigurationExtensionSupport : Spring Data Redis - Could not safely identify store assignment for repository candidate interface com.ls.mao.joule.repo.AssistantRepository; If you want this repository to be a Redis repository, consider annotating your entities with one of these annotations: org.springframework.data.redis.core.RedisHash (preferred), or consider extending one of the following types with your repository: org.springframework.data.keyvalue.repository.KeyValueRepository
2024-10-31T21:28:47.688+08:00  INFO 2211 --- [joule] [           main] .s.d.r.c.RepositoryConfigurationDelegate : Finished Spring Data repository scanning in 4 ms. Found 0 Redis repository interfaces.
2024-10-31T21:28:47.937+08:00  INFO 2211 --- [joule] [           main] o.hibernate.jpa.internal.util.LogHelper  : HHH000204: Processing PersistenceUnitInfo [name: default]
2024-10-31T21:28:47.976+08:00  INFO 2211 --- [joule] [           main] org.hibernate.Version                    : HHH000412: Hibernate ORM core version 6.5.3.Final
2024-10-31T21:28:47.990+08:00  INFO 2211 --- [joule] [           main] o.h.c.internal.RegionFactoryInitiator    : HHH000026: Second-level cache disabled
2024-10-31T21:28:48.127+08:00  INFO 2211 --- [joule] [           main] o.s.o.j.p.SpringPersistenceUnitInfo      : No LoadTimeWeaver setup: ignoring JPA class transformer
2024-10-31T21:28:48.140+08:00  INFO 2211 --- [joule] [           main] com.zaxxer.hikari.HikariDataSource       : HikariPool-1 - Starting...
2024-10-31T21:28:48.254+08:00  INFO 2211 --- [joule] [           main] com.zaxxer.hikari.pool.HikariPool        : HikariPool-1 - Added connection org.postgresql.jdbc.PgConnection@497921d0
2024-10-31T21:28:48.255+08:00  INFO 2211 --- [joule] [           main] com.zaxxer.hikari.HikariDataSource       : HikariPool-1 - Start completed.
2024-10-31T21:28:48.653+08:00  INFO 2211 --- [joule] [           main] o.h.e.t.j.p.i.JtaPlatformInitiator       : HHH000489: No JTA platform available (set 'hibernate.transaction.jta.platform' to enable JTA platform integration)
2024-10-31T21:28:48.685+08:00  INFO 2211 --- [joule] [           main] j.LocalContainerEntityManagerFactoryBean : Initialized JPA EntityManagerFactory for persistence unit 'default'
2024-10-31T21:28:49.216+08:00  INFO 2211 --- [joule] [           main] o.s.ai.vectorstore.PgVectorStore         : Using the vector table name: vector_store. Is empty: false
2024-10-31T21:28:49.218+08:00  INFO 2211 --- [joule] [           main] o.s.ai.vectorstore.PgVectorStore         : Initializing PGVectorStore schema for table: vector_store in schema: public
2024-10-31T21:28:49.218+08:00  INFO 2211 --- [joule] [           main] o.s.ai.vectorstore.PgVectorStore         : vectorTableValidationsEnabled false
2024-10-31T21:28:51.839+08:00  WARN 2211 --- [joule] [           main] JpaBaseConfiguration$JpaWebConfiguration : spring.jpa.open-in-view is enabled by default. Therefore, database queries may be performed during view rendering. Explicitly configure spring.jpa.open-in-view to disable this warning
2024-10-31T21:28:52.171+08:00  INFO 2211 --- [joule] [           main] com.ls.mao.joule.JouleApplicationTests   : Started JouleApplicationTests in 5.192 seconds (process running for 5.741)
2024-10-31T21:28:52.362+08:00  INFO 2211 --- [joule] [           main] o.s.ai.reader.pdf.PagePdfDocumentReader  : Processing PDF page: 1
2024-10-31T21:28:52.503+08:00  WARN 2211 --- [joule] [           main] o.a.pdfbox.pdmodel.font.PDType0Font      : No Unicode mapping for CID+0 (0) in font BAAAAA+Webtype_Web_Use_Only
2024-10-31T21:28:52.616+08:00  INFO 2211 --- [joule] [           main] o.s.ai.reader.pdf.PagePdfDocumentReader  : Processing PDF page: 25
2024-10-31T21:28:52.723+08:00  INFO 2211 --- [joule] [           main] o.s.ai.reader.pdf.PagePdfDocumentReader  : Processing PDF page: 49
2024-10-31T21:28:52.788+08:00  INFO 2211 --- [joule] [           main] o.s.ai.reader.pdf.PagePdfDocumentReader  : Processing PDF page: 73
2024-10-31T21:28:52.855+08:00  INFO 2211 --- [joule] [           main] o.s.ai.reader.pdf.PagePdfDocumentReader  : Processing PDF page: 97
2024-10-31T21:28:52.915+08:00  INFO 2211 --- [joule] [           main] o.s.ai.reader.pdf.PagePdfDocumentReader  : Processing PDF page: 121
2024-10-31T21:28:52.969+08:00  INFO 2211 --- [joule] [           main] o.s.ai.reader.pdf.PagePdfDocumentReader  : Processing PDF page: 145
2024-10-31T21:28:53.022+08:00  INFO 2211 --- [joule] [           main] o.s.ai.reader.pdf.PagePdfDocumentReader  : Processing PDF page: 169
2024-10-31T21:28:53.086+08:00  INFO 2211 --- [joule] [           main] o.s.ai.reader.pdf.PagePdfDocumentReader  : Processing PDF page: 193
2024-10-31T21:28:53.145+08:00  INFO 2211 --- [joule] [           main] o.s.ai.reader.pdf.PagePdfDocumentReader  : Processing PDF page: 217
2024-10-31T21:28:53.200+08:00  INFO 2211 --- [joule] [           main] o.s.ai.reader.pdf.PagePdfDocumentReader  : Processing 240 pages
2024-10-31T21:28:53.254+08:00  INFO 2211 --- [joule] [           main] o.s.a.transformer.splitter.TextSplitter  : Splitting up document into 2 chunks.
2024-10-31T21:28:53.262+08:00  INFO 2211 --- [joule] [           main] o.s.a.transformer.splitter.TextSplitter  : Splitting up document into 2 chunks.
2024-10-31T21:28:53.265+08:00  INFO 2211 --- [joule] [           main] o.s.a.transformer.splitter.TextSplitter  : Splitting up document into 2 chunks.
2024-10-31T21:28:53.267+08:00  INFO 2211 --- [joule] [           main] o.s.a.transformer.splitter.TextSplitter  : Splitting up document into 2 chunks.
2024-10-31T21:28:53.270+08:00  INFO 2211 --- [joule] [           main] o.s.a.transformer.splitter.TextSplitter  : Splitting up document into 2 chunks.
2024-10-31T21:28:53.279+08:00  INFO 2211 --- [joule] [           main] o.s.a.transformer.splitter.TextSplitter  : Splitting up document into 2 chunks.
2024-10-31T21:28:53.287+08:00  INFO 2211 --- [joule] [           main] o.s.a.transformer.splitter.TextSplitter  : Splitting up document into 2 chunks.
2024-10-31T21:28:53.292+08:00  INFO 2211 --- [joule] [           main] o.s.a.transformer.splitter.TextSplitter  : Splitting up document into 2 chunks.
2024-10-31T21:28:53.296+08:00  INFO 2211 --- [joule] [           main] o.s.a.transformer.splitter.TextSplitter  : Splitting up document into 2 chunks.
2024-10-31T21:28:53.301+08:00  INFO 2211 --- [joule] [           main] o.s.a.transformer.splitter.TextSplitter  : Splitting up document into 2 chunks.
2024-10-31T21:28:53.307+08:00  INFO 2211 --- [joule] [           main] o.s.a.transformer.splitter.TextSplitter  : Splitting up document into 2 chunks.
2024-10-31T21:28:53.309+08:00  INFO 2211 --- [joule] [           main] o.s.a.transformer.splitter.TextSplitter  : Splitting up document into 2 chunks.
2024-10-31T21:28:53.320+08:00  INFO 2211 --- [joule] [           main] o.s.a.transformer.splitter.TextSplitter  : Splitting up document into 2 chunks.
2024-10-31T21:28:53.322+08:00  INFO 2211 --- [joule] [           main] o.s.a.transformer.splitter.TextSplitter  : Splitting up document into 2 chunks.
2024-10-31T21:28:53.324+08:00  INFO 2211 --- [joule] [           main] o.s.a.transformer.splitter.TextSplitter  : Splitting up document into 2 chunks.
2024-10-31T21:28:53.325+08:00  INFO 2211 --- [joule] [           main] o.s.a.transformer.splitter.TextSplitter  : Splitting up document into 2 chunks.
2024-10-31T21:28:53.327+08:00  INFO 2211 --- [joule] [           main] o.s.a.transformer.splitter.TextSplitter  : Splitting up document into 2 chunks.
2024-10-31T21:28:53.329+08:00  INFO 2211 --- [joule] [           main] o.s.a.transformer.splitter.TextSplitter  : Splitting up document into 2 chunks.
2024-10-31T21:28:53.332+08:00  INFO 2211 --- [joule] [           main] o.s.a.transformer.splitter.TextSplitter  : Splitting up document into 2 chunks.
2024-10-31T21:28:53.336+08:00  INFO 2211 --- [joule] [           main] o.s.a.transformer.splitter.TextSplitter  : Splitting up document into 2 chunks.
2024-10-31T21:28:53.341+08:00  INFO 2211 --- [joule] [           main] o.s.a.transformer.splitter.TextSplitter  : Splitting up document into 2 chunks.
2024-10-31T21:28:53.350+08:00  INFO 2211 --- [joule] [           main] o.s.a.transformer.splitter.TextSplitter  : Splitting up document into 2 chunks.
2024-10-31T21:28:53.351+08:00  INFO 2211 --- [joule] [           main] o.s.a.transformer.splitter.TextSplitter  : Splitting up document into 2 chunks.
2024-10-31T21:28:53.375+08:00  INFO 2211 --- [joule] [           main] o.s.a.transformer.splitter.TextSplitter  : Splitting up document into 2 chunks.
2024-10-31T21:28:53.376+08:00  INFO 2211 --- [joule] [           main] o.s.a.transformer.splitter.TextSplitter  : Splitting up document into 2 chunks.
2024-10-31T21:28:53.377+08:00  INFO 2211 --- [joule] [           main] o.s.a.transformer.splitter.TextSplitter  : Splitting up document into 2 chunks.
2024-10-31T21:28:53.389+08:00  INFO 2211 --- [joule] [           main] o.s.a.transformer.splitter.TextSplitter  : Splitting up document into 2 chunks.
2024-10-31T21:28:53.399+08:00  INFO 2211 --- [joule] [           main] o.s.a.transformer.splitter.TextSplitter  : Splitting up document into 2 chunks.
2024-10-31T21:28:53.411+08:00  INFO 2211 --- [joule] [           main] o.s.a.transformer.splitter.TextSplitter  : Splitting up document into 2 chunks.
2024-10-31T21:28:53.412+08:00  INFO 2211 --- [joule] [           main] o.s.a.transformer.splitter.TextSplitter  : Splitting up document into 2 chunks.
2024-10-31T21:28:53.415+08:00  INFO 2211 --- [joule] [           main] o.s.a.transformer.splitter.TextSplitter  : Splitting up document into 2 chunks.
2024-10-31T21:28:53.421+08:00  INFO 2211 --- [joule] [           main] o.s.a.transformer.splitter.TextSplitter  : Splitting up document into 2 chunks.
2024-10-31T21:28:53.422+08:00  INFO 2211 --- [joule] [           main] o.s.a.transformer.splitter.TextSplitter  : Splitting up document into 2 chunks.
2024-10-31T21:28:53.426+08:00  INFO 2211 --- [joule] [           main] o.s.a.transformer.splitter.TextSplitter  : Splitting up document into 2 chunks.
2024-10-31T21:28:53.427+08:00  INFO 2211 --- [joule] [           main] o.s.a.transformer.splitter.TextSplitter  : Splitting up document into 2 chunks.
2024-10-31T21:28:53.454+08:00  INFO 2211 --- [joule] [           main] o.s.a.transformer.splitter.TextSplitter  : Splitting up document into 2 chunks.
2024-10-31T21:28:53.458+08:00  INFO 2211 --- [joule] [           main] o.s.a.transformer.splitter.TextSplitter  : Splitting up document into 2 chunks.
2024-10-31T21:28:53.471+08:00  INFO 2211 --- [joule] [           main] o.s.a.transformer.splitter.TextSplitter  : Splitting up document into 2 chunks.
2024-10-31T21:28:53.482+08:00  INFO 2211 --- [joule] [           main] o.s.a.transformer.splitter.TextSplitter  : Splitting up document into 2 chunks.
2024-10-31T21:28:53.503+08:00  INFO 2211 --- [joule] [           main] o.s.a.transformer.splitter.TextSplitter  : Splitting up document into 2 chunks.
2024-10-31T21:28:53.504+08:00  INFO 2211 --- [joule] [           main] o.s.a.transformer.splitter.TextSplitter  : Splitting up document into 2 chunks.
2024-10-31T21:28:53.509+08:00  INFO 2211 --- [joule] [           main] o.s.a.transformer.splitter.TextSplitter  : Splitting up document into 2 chunks.
2024-10-31T21:28:53.520+08:00  INFO 2211 --- [joule] [           main] o.s.a.transformer.splitter.TextSplitter  : Splitting up document into 2 chunks.
2024-10-31T21:28:53.525+08:00  INFO 2211 --- [joule] [           main] o.s.a.transformer.splitter.TextSplitter  : Splitting up document into 2 chunks.
2024-10-31T21:28:53.526+08:00  INFO 2211 --- [joule] [           main] o.s.a.transformer.splitter.TextSplitter  : Splitting up document into 2 chunks.
2024-10-31T21:28:53.528+08:00  INFO 2211 --- [joule] [           main] o.s.a.transformer.splitter.TextSplitter  : Splitting up document into 2 chunks.
2024-10-31T21:28:53.529+08:00  INFO 2211 --- [joule] [           main] o.s.a.transformer.splitter.TextSplitter  : Splitting up document into 2 chunks.
2024-10-31T21:28:53.531+08:00  INFO 2211 --- [joule] [           main] o.s.a.transformer.splitter.TextSplitter  : Splitting up document into 2 chunks.
2024-10-31T21:28:53.563+08:00  INFO 2211 --- [joule] [           main] o.s.a.transformer.splitter.TextSplitter  : Splitting up document into 2 chunks.
2024-10-31T21:28:53.567+08:00  INFO 2211 --- [joule] [           main] o.s.a.transformer.splitter.TextSplitter  : Splitting up document into 2 chunks.
2024-10-31T21:28:53.569+08:00  INFO 2211 --- [joule] [           main] o.s.a.transformer.splitter.TextSplitter  : Splitting up document into 2 chunks.
2024-10-31T21:28:53.573+08:00  INFO 2211 --- [joule] [           main] o.s.a.transformer.splitter.TextSplitter  : Splitting up document into 2 chunks.
2024-10-31T21:28:53.586+08:00  INFO 2211 --- [joule] [           main] o.s.a.transformer.splitter.TextSplitter  : Splitting up document into 2 chunks.
2024-10-31T21:29:58.864+08:00  INFO 2211 --- [joule] [           main] com.ls.mao.joule.util.IngestionService   : VectorStore Loaded with data!
]]></system-out>
    <system-err><![CDATA[WARNING: A Java agent has been loaded dynamically (/Users/linsen/.m2/repository/net/bytebuddy/byte-buddy-agent/1.14.19/byte-buddy-agent-1.14.19.jar)
WARNING: If a serviceability tool is in use, please run with -XX:+EnableDynamicAgentLoading to hide this warning
WARNING: If a serviceability tool is not in use, please run with -Djdk.instrument.traceUsage for more information
WARNING: Dynamic loading of agents will be disallowed by default in a future release
]]></system-err>
  </testcase>
</testsuite>